<?xml version="1.0" encoding="UTF-8"?>
<!-- Generated by org.testng.reporters.JUnitReportReporter -->
<testsuite hostname="dsk-eswaracharyulu" name="unify_qa_testcases.HomepageTest" tests="1" failures="0" timestamp="26 Mar 2019 07:21:55 GMT" time="5.842" errors="0">
  <testcase name="verifyCustomersLinkTest" time="5.842" classname="unify_qa_testcases.HomepageTest"/>
</testsuite> <!-- unify_qa_testcases.HomepageTest -->
