<?xml version="1.0" encoding="UTF-8"?>
<!-- Generated by org.testng.reporters.JUnitReportReporter -->
<testsuite hostname="dsk-eswaracharyulu" name="unify_qa_testcases.LoginpageTest" tests="1" failures="0" timestamp="26 Mar 2019 06:44:52 GMT" time="3.497" errors="0">
  <testcase name="loginTest" time="3.497" classname="unify_qa_testcases.LoginpageTest"/>
</testsuite> <!-- unify_qa_testcases.LoginpageTest -->
