<?xml version="1.0" encoding="UTF-8"?>
<!-- Generated by org.testng.reporters.JUnitReportReporter -->
<testsuite hostname="dsk-eswaracharyulu" name="unify_qa_testcases.Org_createpageTest" tests="1" failures="0" timestamp="28 Jan 2020 13:11:49 GMT" time="16.806" errors="0">
  <testcase name="create_org" time="16.806" classname="unify_qa_testcases.Org_createpageTest"/>
</testsuite> <!-- unify_qa_testcases.Org_createpageTest -->
