<?xml version="1.0" encoding="UTF-8"?>
<!-- Generated by org.testng.reporters.JUnitReportReporter -->
<testsuite hostname="dsk-eswaracharyulu" name="unify_qa_testcases.Org_contactspagetest" tests="1" failures="0" timestamp="28 Jan 2020 13:38:00 GMT" time="6.184" errors="0">
  <testcase name="createOrg" time="6.184" classname="unify_qa_testcases.Org_contactspagetest"/>
</testsuite> <!-- unify_qa_testcases.Org_contactspagetest -->
