<?xml version="1.0" encoding="UTF-8"?>
<!-- Generated by org.testng.reporters.JUnitReportReporter -->
<testsuite hostname="dsk-eswaracharyulu" name="unify_qa_testcases.HomepageTest" tests="1" failures="0" timestamp="26 Mar 2019 11:45:51 GMT" time="4.538" errors="0">
  <testcase name="verifyCustomersLinkTest" time="4.538" classname="unify_qa_testcases.HomepageTest"/>
</testsuite> <!-- unify_qa_testcases.HomepageTest -->
